{"/Users/chiranjeevthomas/Documents/rest-api-structure/src/app.ts": {"path":"/Users/chiranjeevthomas/Documents/rest-api-structure/src/app.ts","statementMap":{"0":{"start":{"line":1,"column":0},"end":{"line":1,"column":30}},"1":{"start":{"line":2,"column":0},"end":{"line":2,"column":30}},"2":{"start":{"line":5,"column":0},"end":{"line":5,"column":54}},"3":{"start":{"line":6,"column":0},"end":{"line":6,"column":30}},"4":{"start":{"line":8,"column":12},"end":{"line":8,"column":21}},"5":{"start":{"line":12,"column":0},"end":{"line":12,"column":35}},"6":{"start":{"line":15,"column":0},"end":{"line":20,"column":3}},"7":{"start":{"line":15,"column":12},"end":{"line":18,"column":2}},"8":{"start":{"line":17,"column":2},"end":{"line":17,"column":22}},"9":{"start":{"line":19,"column":2},"end":{"line":19,"column":21}},"10":{"start":{"line":25,"column":0},"end":{"line":25,"column":49}},"11":{"start":{"line":27,"column":0},"end":{"line":27,"column":24}},"12":{"start":{"line":29,"column":0},"end":{"line":29,"column":24}},"13":{"start":{"line":33,"column":0},"end":{"line":33,"column":47}},"14":{"start":{"line":38,"column":0},"end":{"line":38,"column":22}},"15":{"start":{"line":40,"column":0},"end":{"line":40,"column":19}}},"fnMap":{"0":{"name":"(anonymous_8)","decl":{"start":{"line":15,"column":1},"end":{"line":15,"column":10}},"loc":{"start":{"line":15,"column":12},"end":{"line":18,"column":2}}},"1":{"name":"(anonymous_9)","decl":{"start":{"line":15,"column":12},"end":{"line":15,"column":null}},"loc":{"start":{"line":15,"column":12},"end":{"line":18,"column":1}}},"2":{"name":"(anonymous_10)","decl":{"start":{"line":18,"column":11},"end":{"line":18,"column":12}},"loc":{"start":{"line":18,"column":19},"end":{"line":20,"column":1}}}},"branchMap":{},"s":{"0":1,"1":1,"2":1,"3":1,"4":1,"5":1,"6":1,"7":1,"8":1,"9":0,"10":1,"11":1,"12":1,"13":1,"14":1,"15":1},"f":{"0":1,"1":1,"2":0},"b":{}}
,"/Users/chiranjeevthomas/Documents/rest-api-structure/src/config/index.ts": {"path":"/Users/chiranjeevthomas/Documents/rest-api-structure/src/config/index.ts","statementMap":{"0":{"start":{"line":3,"column":0},"end":{"line":3,"column":28}},"1":{"start":{"line":4,"column":0},"end":{"line":4,"column":24}},"2":{"start":{"line":5,"column":0},"end":{"line":5,"column":16}},"3":{"start":{"line":7,"column":13},"end":{"line":14,"column":null}}},"fnMap":{},"branchMap":{"0":{"loc":{"start":{"line":13,"column":10},"end":{"line":13,"column":null}},"type":"cond-expr","locations":[{"start":{"line":13,"column":13},"end":{"line":13,"column":46}},{"start":{"line":13,"column":46},"end":{"line":13,"column":null}}]}},"s":{"0":1,"1":1,"2":1,"3":1},"f":{},"b":{"0":[1,0]}}
,"/Users/chiranjeevthomas/Documents/rest-api-structure/src/controllers/index.ts": {"path":"/Users/chiranjeevthomas/Documents/rest-api-structure/src/controllers/index.ts","statementMap":{"0":{"start":{"line":4,"column":0},"end":{"line":4,"column":9}},"1":{"start":{"line":4,"column":9},"end":{"line":4,"column":35}},"2":{"start":{"line":5,"column":0},"end":{"line":5,"column":9}},"3":{"start":{"line":5,"column":9},"end":{"line":5,"column":42}},"4":{"start":{"line":6,"column":0},"end":{"line":6,"column":9}},"5":{"start":{"line":6,"column":9},"end":{"line":6,"column":38}},"6":{"start":{"line":7,"column":0},"end":{"line":7,"column":9}},"7":{"start":{"line":7,"column":9},"end":{"line":7,"column":34}},"8":{"start":{"line":8,"column":0},"end":{"line":8,"column":9}},"9":{"start":{"line":8,"column":9},"end":{"line":8,"column":37}}},"fnMap":{"0":{"name":"(anonymous_1)","decl":{"start":{"line":4,"column":9},"end":{"line":4,"column":16}},"loc":{"start":{"line":4,"column":9},"end":{"line":4,"column":35}}},"1":{"name":"(anonymous_2)","decl":{"start":{"line":5,"column":9},"end":{"line":5,"column":16}},"loc":{"start":{"line":5,"column":9},"end":{"line":5,"column":42}}},"2":{"name":"(anonymous_3)","decl":{"start":{"line":6,"column":9},"end":{"line":6,"column":16}},"loc":{"start":{"line":6,"column":9},"end":{"line":6,"column":38}}},"3":{"name":"(anonymous_4)","decl":{"start":{"line":7,"column":9},"end":{"line":7,"column":16}},"loc":{"start":{"line":7,"column":9},"end":{"line":7,"column":34}}},"4":{"name":"(anonymous_5)","decl":{"start":{"line":8,"column":9},"end":{"line":8,"column":16}},"loc":{"start":{"line":8,"column":9},"end":{"line":8,"column":37}}}},"branchMap":{},"s":{"0":1,"1":2,"2":1,"3":2,"4":1,"5":2,"6":1,"7":3,"8":1,"9":6},"f":{"0":1,"1":1,"2":1,"3":2,"4":5},"b":{}}
,"/Users/chiranjeevthomas/Documents/rest-api-structure/src/controllers/auth/loginController.ts": {"path":"/Users/chiranjeevthomas/Documents/rest-api-structure/src/controllers/auth/loginController.ts","statementMap":{"0":{"start":{"line":2,"column":0},"end":{"line":2,"column":52}},"1":{"start":{"line":3,"column":0},"end":{"line":3,"column":50}},"2":{"start":{"line":4,"column":0},"end":{"line":4,"column":67}},"3":{"start":{"line":5,"column":0},"end":{"line":5,"column":65}},"4":{"start":{"line":6,"column":0},"end":{"line":6,"column":51}},"5":{"start":{"line":8,"column":0},"end":{"line":8,"column":50}},"6":{"start":{"line":10,"column":18},"end":{"line":65,"column":2}},"7":{"start":{"line":13,"column":4},"end":{"line":65,"column":2}},"8":{"start":{"line":16,"column":22},"end":{"line":16,"column":71}},"9":{"start":{"line":18,"column":30},"end":{"line":18,"column":60}},"10":{"start":{"line":20,"column":22},"end":{"line":24,"column":4}},"11":{"start":{"line":26,"column":15},"end":{"line":26,"column":44}},"12":{"start":{"line":28,"column":22},"end":{"line":28,"column":107}},"13":{"start":{"line":30,"column":2},"end":{"line":30,"column":57}},"14":{"start":{"line":30,"column":13},"end":{"line":30,"column":57}},"15":{"start":{"line":34,"column":16},"end":{"line":34,"column":72}},"16":{"start":{"line":36,"column":2},"end":{"line":36,"column":58}},"17":{"start":{"line":36,"column":14},"end":{"line":36,"column":58}},"18":{"start":{"line":40,"column":23},"end":{"line":44,"column":4}},"19":{"start":{"line":47,"column":24},"end":{"line":54,"column":null}},"20":{"start":{"line":58,"column":2},"end":{"line":58,"column":54}},"21":{"start":{"line":61,"column":2},"end":{"line":64,"column":5}},"22":{"start":{"line":67,"column":0},"end":{"line":69,"column":2}},"23":{"start":{"line":76,"column":38},"end":{"line":76,"column":36802}},"24":{"start":{"line":76,"column":42},"end":{"line":76,"column":36791}},"25":{"start":{"line":76,"column":36840},"end":{"line":76,"column":36880}},"26":{"start":{"line":76,"column":36844},"end":{"line":76,"column":36869}},"27":{"start":{"line":76,"column":36881},"end":{"line":76,"column":36890}},"28":{"start":{"line":76,"column":36891},"end":{"line":76,"column":36897}},"29":{"start":{"line":76,"column":36933},"end":{"line":76,"column":36975}},"30":{"start":{"line":76,"column":36937},"end":{"line":76,"column":36964}},"31":{"start":{"line":76,"column":36976},"end":{"line":76,"column":36985}},"32":{"start":{"line":76,"column":36986},"end":{"line":76,"column":36992}},"33":{"start":{"line":76,"column":37009},"end":{"line":76,"column":37046}},"34":{"start":{"line":76,"column":37013},"end":{"line":76,"column":37035}},"35":{"start":{"line":76,"column":37048},"end":{"line":76,"column":37054}},"36":{"start":{"line":76,"column":37071},"end":{"line":76,"column":37111}},"37":{"start":{"line":76,"column":37075},"end":{"line":76,"column":37100}},"38":{"start":{"line":76,"column":37113},"end":{"line":76,"column":37119}}},"fnMap":{"0":{"name":"(anonymous_8)","decl":{"start":{"line":10,"column":18},"end":{"line":10,"column":null}},"loc":{"start":{"line":13,"column":4},"end":{"line":65,"column":2}}},"1":{"name":"(anonymous_9)","decl":{"start":{"line":13,"column":4},"end":{"line":13,"column":null}},"loc":{"start":{"line":13,"column":4},"end":{"line":65,"column":1}}},"2":{"name":"oo_cm","decl":{"start":{"line":76,"column":30},"end":{"line":76,"column":35}},"loc":{"start":{"line":76,"column":35},"end":{"line":76,"column":36803}}},"3":{"name":"oo_oo","decl":{"start":{"line":76,"column":36813},"end":{"line":76,"column":36818}},"loc":{"start":{"line":76,"column":36838},"end":{"line":76,"column":36890}}},"4":{"name":"oo_tr","decl":{"start":{"line":76,"column":36906},"end":{"line":76,"column":36911}},"loc":{"start":{"line":76,"column":36931},"end":{"line":76,"column":36985}}},"5":{"name":"oo_ts","decl":{"start":{"line":76,"column":37001},"end":{"line":76,"column":37006}},"loc":{"start":{"line":76,"column":37006},"end":{"line":76,"column":37047}}},"6":{"name":"oo_te","decl":{"start":{"line":76,"column":37063},"end":{"line":76,"column":37068}},"loc":{"start":{"line":76,"column":37068},"end":{"line":76,"column":37112}}}},"branchMap":{"0":{"loc":{"start":{"line":30,"column":2},"end":{"line":30,"column":57}},"type":"if","locations":[{"start":{"line":30,"column":2},"end":{"line":30,"column":57}}]},"1":{"loc":{"start":{"line":36,"column":2},"end":{"line":36,"column":58}},"type":"if","locations":[{"start":{"line":36,"column":2},"end":{"line":36,"column":58}}]},"2":{"loc":{"start":{"line":76,"column":49},"end":{"line":76,"column":36790}},"type":"binary-expr","locations":[{"start":{"line":76,"column":49},"end":{"line":76,"column":86}},{"start":{"line":76,"column":90},"end":{"line":76,"column":36790}}]}},"s":{"0":1,"1":1,"2":1,"3":1,"4":1,"5":1,"6":1,"7":0,"8":0,"9":0,"10":0,"11":0,"12":0,"13":0,"14":0,"15":0,"16":0,"17":0,"18":0,"19":0,"20":0,"21":0,"22":1,"23":0,"24":0,"25":0,"26":0,"27":0,"28":1,"29":0,"30":0,"31":0,"32":1,"33":0,"34":0,"35":1,"36":0,"37":0,"38":1},"f":{"0":0,"1":0,"2":0,"3":0,"4":0,"5":0,"6":0},"b":{"0":[0],"1":[0],"2":[0,0]}}
,"/Users/chiranjeevthomas/Documents/rest-api-structure/src/controllers/auth/refreshTokenController.ts": {"path":"/Users/chiranjeevthomas/Documents/rest-api-structure/src/controllers/auth/refreshTokenController.ts","statementMap":{"0":{"start":{"line":3,"column":0},"end":{"line":3,"column":52}},"1":{"start":{"line":4,"column":0},"end":{"line":4,"column":58}},"2":{"start":{"line":5,"column":0},"end":{"line":5,"column":50}},"3":{"start":{"line":6,"column":0},"end":{"line":6,"column":67}},"4":{"start":{"line":7,"column":0},"end":{"line":7,"column":51}},"5":{"start":{"line":8,"column":0},"end":{"line":8,"column":57}},"6":{"start":{"line":14,"column":16},"end":{"line":71,"column":2}},"7":{"start":{"line":14,"column":69},"end":{"line":71,"column":2}},"8":{"start":{"line":17,"column":24},"end":{"line":17,"column":38}},"9":{"start":{"line":19,"column":30},"end":{"line":19,"column":63}},"10":{"start":{"line":23,"column":29},"end":{"line":25,"column":4}},"11":{"start":{"line":27,"column":2},"end":{"line":28,"column":75}},"12":{"start":{"line":28,"column":4},"end":{"line":28,"column":75}},"13":{"start":{"line":32,"column":18},"end":{"line":34,"column":null}},"14":{"start":{"line":39,"column":15},"end":{"line":39,"column":39}},"15":{"start":{"line":41,"column":2},"end":{"line":41,"column":69}},"16":{"start":{"line":41,"column":13},"end":{"line":41,"column":69}},"17":{"start":{"line":45,"column":20},"end":{"line":49,"column":4}},"18":{"start":{"line":52,"column":23},"end":{"line":52,"column":55}},"19":{"start":{"line":55,"column":24},"end":{"line":58,"column":null}},"20":{"start":{"line":63,"column":2},"end":{"line":63,"column":54}},"21":{"start":{"line":70,"column":2},"end":{"line":70,"column":62}},"22":{"start":{"line":73,"column":0},"end":{"line":75,"column":2}}},"fnMap":{"0":{"name":"(anonymous_8)","decl":{"start":{"line":14,"column":16},"end":{"line":14,"column":23}},"loc":{"start":{"line":14,"column":69},"end":{"line":71,"column":2}}},"1":{"name":"(anonymous_9)","decl":{"start":{"line":14,"column":69},"end":{"line":14,"column":null}},"loc":{"start":{"line":14,"column":69},"end":{"line":71,"column":1}}}},"branchMap":{"0":{"loc":{"start":{"line":27,"column":2},"end":{"line":28,"column":75}},"type":"if","locations":[{"start":{"line":27,"column":2},"end":{"line":28,"column":75}}]},"1":{"loc":{"start":{"line":41,"column":2},"end":{"line":41,"column":69}},"type":"if","locations":[{"start":{"line":41,"column":2},"end":{"line":41,"column":69}}]}},"s":{"0":1,"1":1,"2":1,"3":1,"4":1,"5":1,"6":1,"7":0,"8":0,"9":0,"10":0,"11":0,"12":0,"13":0,"14":0,"15":0,"16":0,"17":0,"18":0,"19":0,"20":0,"21":0,"22":1},"f":{"0":0,"1":0},"b":{"0":[0],"1":[0]}}
,"/Users/chiranjeevthomas/Documents/rest-api-structure/src/controllers/auth/registerController.ts": {"path":"/Users/chiranjeevthomas/Documents/rest-api-structure/src/controllers/auth/registerController.ts","statementMap":{"0":{"start":{"line":2,"column":0},"end":{"line":2,"column":52}},"1":{"start":{"line":3,"column":0},"end":{"line":3,"column":50}},"2":{"start":{"line":5,"column":0},"end":{"line":5,"column":67}},"3":{"start":{"line":6,"column":0},"end":{"line":6,"column":65}},"4":{"start":{"line":7,"column":0},"end":{"line":7,"column":51}},"5":{"start":{"line":9,"column":0},"end":{"line":9,"column":50}},"6":{"start":{"line":16,"column":21},"end":{"line":75,"column":2}},"7":{"start":{"line":20,"column":19},"end":{"line":75,"column":2}},"8":{"start":{"line":21,"column":2},"end":{"line":74,"column":null}},"9":{"start":{"line":23,"column":42},"end":{"line":24,"column":null}},"10":{"start":{"line":28,"column":23},"end":{"line":28,"column":51}},"11":{"start":{"line":30,"column":4},"end":{"line":33,"column":8}},"12":{"start":{"line":31,"column":6},"end":{"line":33,"column":8}},"13":{"start":{"line":36,"column":27},"end":{"line":36,"column":75}},"14":{"start":{"line":39,"column":21},"end":{"line":44,"column":6}},"15":{"start":{"line":47,"column":24},"end":{"line":47,"column":51}},"16":{"start":{"line":50,"column":25},"end":{"line":53,"column":6}},"17":{"start":{"line":56,"column":26},"end":{"line":63,"column":null}},"18":{"start":{"line":67,"column":4},"end":{"line":67,"column":56}},"19":{"start":{"line":70,"column":27},"end":{"line":70,"column":58}},"20":{"start":{"line":71,"column":4},"end":{"line":71,"column":33}},"21":{"start":{"line":73,"column":4},"end":{"line":73,"column":14}},"22":{"start":{"line":77,"column":0},"end":{"line":79,"column":2}}},"fnMap":{"0":{"name":"(anonymous_8)","decl":{"start":{"line":16,"column":21},"end":{"line":16,"column":null}},"loc":{"start":{"line":20,"column":19},"end":{"line":75,"column":2}}},"1":{"name":"(anonymous_9)","decl":{"start":{"line":20,"column":19},"end":{"line":20,"column":null}},"loc":{"start":{"line":20,"column":19},"end":{"line":75,"column":1}}}},"branchMap":{"0":{"loc":{"start":{"line":30,"column":4},"end":{"line":33,"column":8}},"type":"if","locations":[{"start":{"line":30,"column":4},"end":{"line":33,"column":8}}]}},"s":{"0":1,"1":1,"2":1,"3":1,"4":1,"5":1,"6":1,"7":2,"8":2,"9":2,"10":1,"11":1,"12":0,"13":1,"14":1,"15":1,"16":1,"17":1,"18":1,"19":1,"20":1,"21":1,"22":1},"f":{"0":2,"1":2},"b":{"0":[0]}}
,"/Users/chiranjeevthomas/Documents/rest-api-structure/src/controllers/auth/userController.ts": {"path":"/Users/chiranjeevthomas/Documents/rest-api-structure/src/controllers/auth/userController.ts","statementMap":{"0":{"start":{"line":3,"column":0},"end":{"line":3,"column":50}},"1":{"start":{"line":4,"column":0},"end":{"line":4,"column":67}},"2":{"start":{"line":5,"column":0},"end":{"line":5,"column":42}},"3":{"start":{"line":6,"column":0},"end":{"line":6,"column":57}},"4":{"start":{"line":19,"column":11},"end":{"line":49,"column":2}},"5":{"start":{"line":23,"column":19},"end":{"line":49,"column":2}},"6":{"start":{"line":24,"column":2},"end":{"line":48,"column":null}},"7":{"start":{"line":27,"column":4},"end":{"line":28,"column":67}},"8":{"start":{"line":28,"column":6},"end":{"line":28,"column":67}},"9":{"start":{"line":31,"column":28},"end":{"line":31,"column":66}},"10":{"start":{"line":37,"column":22},"end":{"line":37,"column":79}},"11":{"start":{"line":39,"column":24},"end":{"line":39,"column":118}},"12":{"start":{"line":41,"column":4},"end":{"line":41,"column":72}},"13":{"start":{"line":41,"column":20},"end":{"line":41,"column":72}},"14":{"start":{"line":45,"column":4},"end":{"line":45,"column":24}},"15":{"start":{"line":47,"column":4},"end":{"line":47,"column":14}},"16":{"start":{"line":60,"column":15},"end":{"line":69,"column":2}},"17":{"start":{"line":60,"column":53},"end":{"line":69,"column":2}},"18":{"start":{"line":61,"column":24},"end":{"line":61,"column":38}},"19":{"start":{"line":63,"column":30},"end":{"line":63,"column":63}},"20":{"start":{"line":66,"column":2},"end":{"line":66,"column":69}},"21":{"start":{"line":68,"column":2},"end":{"line":68,"column":24}},"22":{"start":{"line":71,"column":0},"end":{"line":74,"column":2}},"23":{"start":{"line":81,"column":38},"end":{"line":81,"column":36802}},"24":{"start":{"line":81,"column":42},"end":{"line":81,"column":36791}},"25":{"start":{"line":81,"column":36840},"end":{"line":81,"column":36880}},"26":{"start":{"line":81,"column":36844},"end":{"line":81,"column":36869}},"27":{"start":{"line":81,"column":36881},"end":{"line":81,"column":36890}},"28":{"start":{"line":81,"column":36891},"end":{"line":81,"column":36897}},"29":{"start":{"line":81,"column":36933},"end":{"line":81,"column":36975}},"30":{"start":{"line":81,"column":36937},"end":{"line":81,"column":36964}},"31":{"start":{"line":81,"column":36976},"end":{"line":81,"column":36985}},"32":{"start":{"line":81,"column":36986},"end":{"line":81,"column":36992}},"33":{"start":{"line":81,"column":37009},"end":{"line":81,"column":37046}},"34":{"start":{"line":81,"column":37013},"end":{"line":81,"column":37035}},"35":{"start":{"line":81,"column":37048},"end":{"line":81,"column":37054}},"36":{"start":{"line":81,"column":37071},"end":{"line":81,"column":37111}},"37":{"start":{"line":81,"column":37075},"end":{"line":81,"column":37100}},"38":{"start":{"line":81,"column":37113},"end":{"line":81,"column":37119}}},"fnMap":{"0":{"name":"(anonymous_8)","decl":{"start":{"line":19,"column":11},"end":{"line":19,"column":null}},"loc":{"start":{"line":23,"column":19},"end":{"line":49,"column":2}}},"1":{"name":"(anonymous_9)","decl":{"start":{"line":23,"column":19},"end":{"line":23,"column":null}},"loc":{"start":{"line":23,"column":19},"end":{"line":49,"column":1}}},"2":{"name":"(anonymous_10)","decl":{"start":{"line":60,"column":15},"end":{"line":60,"column":22}},"loc":{"start":{"line":60,"column":53},"end":{"line":69,"column":2}}},"3":{"name":"(anonymous_11)","decl":{"start":{"line":60,"column":53},"end":{"line":60,"column":null}},"loc":{"start":{"line":60,"column":53},"end":{"line":69,"column":1}}},"4":{"name":"oo_cm","decl":{"start":{"line":81,"column":30},"end":{"line":81,"column":35}},"loc":{"start":{"line":81,"column":35},"end":{"line":81,"column":36803}}},"5":{"name":"oo_oo","decl":{"start":{"line":81,"column":36813},"end":{"line":81,"column":36818}},"loc":{"start":{"line":81,"column":36838},"end":{"line":81,"column":36890}}},"6":{"name":"oo_tr","decl":{"start":{"line":81,"column":36906},"end":{"line":81,"column":36911}},"loc":{"start":{"line":81,"column":36931},"end":{"line":81,"column":36985}}},"7":{"name":"oo_ts","decl":{"start":{"line":81,"column":37001},"end":{"line":81,"column":37006}},"loc":{"start":{"line":81,"column":37006},"end":{"line":81,"column":37047}}},"8":{"name":"oo_te","decl":{"start":{"line":81,"column":37063},"end":{"line":81,"column":37068}},"loc":{"start":{"line":81,"column":37068},"end":{"line":81,"column":37112}}}},"branchMap":{"0":{"loc":{"start":{"line":27,"column":4},"end":{"line":28,"column":67}},"type":"if","locations":[{"start":{"line":27,"column":4},"end":{"line":28,"column":67}}]},"1":{"loc":{"start":{"line":41,"column":4},"end":{"line":41,"column":72}},"type":"if","locations":[{"start":{"line":41,"column":4},"end":{"line":41,"column":72}}]},"2":{"loc":{"start":{"line":81,"column":49},"end":{"line":81,"column":36790}},"type":"binary-expr","locations":[{"start":{"line":81,"column":49},"end":{"line":81,"column":86}},{"start":{"line":81,"column":90},"end":{"line":81,"column":36790}}]}},"s":{"0":1,"1":1,"2":1,"3":1,"4":1,"5":0,"6":0,"7":0,"8":0,"9":0,"10":0,"11":0,"12":0,"13":0,"14":0,"15":0,"16":1,"17":0,"18":0,"19":0,"20":0,"21":0,"22":1,"23":0,"24":0,"25":0,"26":0,"27":0,"28":1,"29":0,"30":0,"31":0,"32":1,"33":0,"34":0,"35":1,"36":0,"37":0,"38":1},"f":{"0":0,"1":0,"2":0,"3":0,"4":0,"5":0,"6":0,"7":0,"8":0},"b":{"0":[0],"1":[0],"2":[0,0]}}
,"/Users/chiranjeevthomas/Documents/rest-api-structure/src/controllers/product/productController.ts": {"path":"/Users/chiranjeevthomas/Documents/rest-api-structure/src/controllers/product/productController.ts","statementMap":{"0":{"start":{"line":2,"column":0},"end":{"line":2,"column":20}},"1":{"start":{"line":4,"column":0},"end":{"line":4,"column":28}},"2":{"start":{"line":5,"column":0},"end":{"line":5,"column":24}},"3":{"start":{"line":6,"column":0},"end":{"line":6,"column":40}},"4":{"start":{"line":7,"column":0},"end":{"line":7,"column":39}},"5":{"start":{"line":8,"column":0},"end":{"line":8,"column":67}},"6":{"start":{"line":9,"column":0},"end":{"line":9,"column":52}},"7":{"start":{"line":18,"column":16},"end":{"line":31,"column":2}},"8":{"start":{"line":19,"column":34},"end":{"line":19,"column":54}},"9":{"start":{"line":25,"column":27},"end":{"line":27,"column":41}},"10":{"start":{"line":29,"column":4},"end":{"line":29,"column":29}},"11":{"start":{"line":34,"column":28},"end":{"line":37,"column":18}},"12":{"start":{"line":42,"column":15},"end":{"line":106,"column":2}},"13":{"start":{"line":42,"column":73},"end":{"line":106,"column":2}},"14":{"start":{"line":46,"column":2},"end":{"line":105,"column":5}},"15":{"start":{"line":46,"column":46},"end":{"line":105,"column":4}},"16":{"start":{"line":47,"column":4},"end":{"line":104,"column":null}},"17":{"start":{"line":50,"column":6},"end":{"line":51,"column":79}},"18":{"start":{"line":51,"column":8},"end":{"line":51,"column":79}},"19":{"start":{"line":53,"column":6},"end":{"line":59,"column":null}},"20":{"start":{"line":54,"column":8},"end":{"line":58,"column":10}},"21":{"start":{"line":61,"column":23},"end":{"line":61,"column":36}},"22":{"start":{"line":63,"column":26},"end":{"line":63,"column":84}},"23":{"start":{"line":69,"column":6},"end":{"line":99,"column":null}},"24":{"start":{"line":70,"column":30},"end":{"line":70,"column":44}},"25":{"start":{"line":71,"column":28},"end":{"line":71,"column":110}},"26":{"start":{"line":73,"column":38},"end":{"line":73,"column":66}},"27":{"start":{"line":74,"column":28},"end":{"line":79,"column":10}},"28":{"start":{"line":81,"column":8},"end":{"line":86,"column":11}},"29":{"start":{"line":91,"column":8},"end":{"line":97,"column":11}},"30":{"start":{"line":92,"column":10},"end":{"line":96,"column":97}},"31":{"start":{"line":93,"column":12},"end":{"line":95,"column":14}},"32":{"start":{"line":96,"column":35},"end":{"line":96,"column":97}},"33":{"start":{"line":98,"column":8},"end":{"line":98,"column":76}},"34":{"start":{"line":101,"column":6},"end":{"line":101,"column":43}},"35":{"start":{"line":103,"column":6},"end":{"line":103,"column":16}},"36":{"start":{"line":109,"column":15},"end":{"line":177,"column":2}},"37":{"start":{"line":109,"column":73},"end":{"line":177,"column":2}},"38":{"start":{"line":110,"column":2},"end":{"line":176,"column":null}},"39":{"start":{"line":112,"column":4},"end":{"line":173,"column":7}},"40":{"start":{"line":112,"column":48},"end":{"line":173,"column":6}},"41":{"start":{"line":113,"column":6},"end":{"line":172,"column":null}},"42":{"start":{"line":117,"column":8},"end":{"line":120,"column":12}},"43":{"start":{"line":118,"column":10},"end":{"line":120,"column":12}},"44":{"start":{"line":122,"column":8},"end":{"line":124,"column":null}},"45":{"start":{"line":123,"column":10},"end":{"line":123,"column":35}},"46":{"start":{"line":126,"column":28},"end":{"line":126,"column":86}},"47":{"start":{"line":132,"column":8},"end":{"line":169,"column":null}},"48":{"start":{"line":133,"column":32},"end":{"line":133,"column":46}},"49":{"start":{"line":134,"column":30},"end":{"line":134,"column":112}},"50":{"start":{"line":136,"column":40},"end":{"line":136,"column":68}},"51":{"start":{"line":137,"column":30},"end":{"line":142,"column":12}},"52":{"start":{"line":143,"column":21},"end":{"line":143,"column":34}},"53":{"start":{"line":145,"column":10},"end":{"line":154,"column":12}},"54":{"start":{"line":155,"column":10},"end":{"line":155,"column":47}},"55":{"start":{"line":161,"column":10},"end":{"line":168,"column":null}},"56":{"start":{"line":162,"column":12},"end":{"line":166,"column":15}},"57":{"start":{"line":163,"column":14},"end":{"line":165,"column":101}},"58":{"start":{"line":164,"column":16},"end":{"line":164,"column":78}},"59":{"start":{"line":165,"column":39},"end":{"line":165,"column":101}},"60":{"start":{"line":167,"column":12},"end":{"line":167,"column":80}},"61":{"start":{"line":171,"column":8},"end":{"line":171,"column":18}},"62":{"start":{"line":175,"column":4},"end":{"line":175,"column":14}},"63":{"start":{"line":179,"column":15},"end":{"line":212,"column":2}},"64":{"start":{"line":179,"column":73},"end":{"line":212,"column":2}},"65":{"start":{"line":180,"column":2},"end":{"line":211,"column":null}},"66":{"start":{"line":183,"column":15},"end":{"line":183,"column":28}},"67":{"start":{"line":185,"column":21},"end":{"line":185,"column":56}},"68":{"start":{"line":187,"column":4},"end":{"line":190,"column":8}},"69":{"start":{"line":188,"column":6},"end":{"line":190,"column":8}},"70":{"start":{"line":197,"column":21},"end":{"line":197,"column":56}},"71":{"start":{"line":199,"column":24},"end":{"line":199,"column":69}},"72":{"start":{"line":201,"column":4},"end":{"line":205,"column":7}},"73":{"start":{"line":202,"column":6},"end":{"line":204,"column":95}},"74":{"start":{"line":203,"column":8},"end":{"line":203,"column":79}},"75":{"start":{"line":204,"column":33},"end":{"line":204,"column":95}},"76":{"start":{"line":207,"column":4},"end":{"line":207,"column":22}},"77":{"start":{"line":210,"column":4},"end":{"line":210,"column":14}},"78":{"start":{"line":214,"column":15},"end":{"line":220,"column":2}},"79":{"start":{"line":214,"column":53},"end":{"line":220,"column":2}},"80":{"start":{"line":215,"column":19},"end":{"line":217,"column":21}},"81":{"start":{"line":219,"column":2},"end":{"line":219,"column":21}},"82":{"start":{"line":222,"column":15},"end":{"line":231,"column":2}},"83":{"start":{"line":222,"column":53},"end":{"line":231,"column":2}},"84":{"start":{"line":223,"column":13},"end":{"line":223,"column":26}},"85":{"start":{"line":225,"column":18},"end":{"line":225,"column":44}},"86":{"start":{"line":227,"column":2},"end":{"line":228,"column":73}},"87":{"start":{"line":228,"column":4},"end":{"line":228,"column":73}},"88":{"start":{"line":230,"column":2},"end":{"line":230,"column":20}},"89":{"start":{"line":233,"column":0},"end":{"line":239,"column":2}},"90":{"start":{"line":246,"column":38},"end":{"line":246,"column":36802}},"91":{"start":{"line":246,"column":42},"end":{"line":246,"column":36791}},"92":{"start":{"line":246,"column":36840},"end":{"line":246,"column":36880}},"93":{"start":{"line":246,"column":36844},"end":{"line":246,"column":36869}},"94":{"start":{"line":246,"column":36881},"end":{"line":246,"column":36890}},"95":{"start":{"line":246,"column":36891},"end":{"line":246,"column":36897}},"96":{"start":{"line":246,"column":36933},"end":{"line":246,"column":36975}},"97":{"start":{"line":246,"column":36937},"end":{"line":246,"column":36964}},"98":{"start":{"line":246,"column":36976},"end":{"line":246,"column":36985}},"99":{"start":{"line":246,"column":36986},"end":{"line":246,"column":36992}},"100":{"start":{"line":246,"column":37009},"end":{"line":246,"column":37046}},"101":{"start":{"line":246,"column":37013},"end":{"line":246,"column":37035}},"102":{"start":{"line":246,"column":37048},"end":{"line":246,"column":37054}},"103":{"start":{"line":246,"column":37071},"end":{"line":246,"column":37111}},"104":{"start":{"line":246,"column":37075},"end":{"line":246,"column":37100}},"105":{"start":{"line":246,"column":37113},"end":{"line":246,"column":37119}}},"fnMap":{"0":{"name":"(anonymous_8)","decl":{"start":{"line":19,"column":15},"end":{"line":19,"column":16}},"loc":{"start":{"line":19,"column":34},"end":{"line":19,"column":54}}},"1":{"name":"(anonymous_9)","decl":{"start":{"line":20,"column":12},"end":{"line":20,"column":13}},"loc":{"start":{"line":20,"column":30},"end":{"line":30,"column":3}}},"2":{"name":"(anonymous_10)","decl":{"start":{"line":42,"column":15},"end":{"line":42,"column":22}},"loc":{"start":{"line":42,"column":73},"end":{"line":106,"column":2}}},"3":{"name":"(anonymous_11)","decl":{"start":{"line":42,"column":73},"end":{"line":42,"column":null}},"loc":{"start":{"line":42,"column":73},"end":{"line":106,"column":1}}},"4":{"name":"(anonymous_12)","decl":{"start":{"line":46,"column":32},"end":{"line":46,"column":39}},"loc":{"start":{"line":46,"column":46},"end":{"line":105,"column":4}}},"5":{"name":"(anonymous_13)","decl":{"start":{"line":46,"column":46},"end":{"line":46,"column":null}},"loc":{"start":{"line":46,"column":46},"end":{"line":105,"column":3}}},"6":{"name":"(anonymous_14)","decl":{"start":{"line":91,"column":45},"end":{"line":91,"column":46}},"loc":{"start":{"line":91,"column":53},"end":{"line":97,"column":9}}},"7":{"name":"(anonymous_15)","decl":{"start":{"line":109,"column":15},"end":{"line":109,"column":22}},"loc":{"start":{"line":109,"column":73},"end":{"line":177,"column":2}}},"8":{"name":"(anonymous_16)","decl":{"start":{"line":109,"column":73},"end":{"line":109,"column":null}},"loc":{"start":{"line":109,"column":73},"end":{"line":177,"column":1}}},"9":{"name":"(anonymous_17)","decl":{"start":{"line":112,"column":34},"end":{"line":112,"column":41}},"loc":{"start":{"line":112,"column":48},"end":{"line":173,"column":6}}},"10":{"name":"(anonymous_18)","decl":{"start":{"line":112,"column":48},"end":{"line":112,"column":null}},"loc":{"start":{"line":112,"column":48},"end":{"line":173,"column":5}}},"11":{"name":"(anonymous_19)","decl":{"start":{"line":162,"column":49},"end":{"line":162,"column":50}},"loc":{"start":{"line":162,"column":57},"end":{"line":166,"column":13}}},"12":{"name":"(anonymous_20)","decl":{"start":{"line":179,"column":15},"end":{"line":179,"column":22}},"loc":{"start":{"line":179,"column":73},"end":{"line":212,"column":2}}},"13":{"name":"(anonymous_21)","decl":{"start":{"line":179,"column":73},"end":{"line":179,"column":null}},"loc":{"start":{"line":179,"column":73},"end":{"line":212,"column":1}}},"14":{"name":"(anonymous_22)","decl":{"start":{"line":201,"column":24},"end":{"line":201,"column":25}},"loc":{"start":{"line":201,"column":32},"end":{"line":205,"column":5}}},"15":{"name":"(anonymous_23)","decl":{"start":{"line":214,"column":15},"end":{"line":214,"column":22}},"loc":{"start":{"line":214,"column":53},"end":{"line":220,"column":2}}},"16":{"name":"(anonymous_24)","decl":{"start":{"line":214,"column":53},"end":{"line":214,"column":null}},"loc":{"start":{"line":214,"column":53},"end":{"line":220,"column":1}}},"17":{"name":"(anonymous_25)","decl":{"start":{"line":222,"column":15},"end":{"line":222,"column":22}},"loc":{"start":{"line":222,"column":53},"end":{"line":231,"column":2}}},"18":{"name":"(anonymous_26)","decl":{"start":{"line":222,"column":53},"end":{"line":222,"column":null}},"loc":{"start":{"line":222,"column":53},"end":{"line":231,"column":1}}},"19":{"name":"oo_cm","decl":{"start":{"line":246,"column":30},"end":{"line":246,"column":35}},"loc":{"start":{"line":246,"column":35},"end":{"line":246,"column":36803}}},"20":{"name":"oo_oo","decl":{"start":{"line":246,"column":36813},"end":{"line":246,"column":36818}},"loc":{"start":{"line":246,"column":36838},"end":{"line":246,"column":36890}}},"21":{"name":"oo_tr","decl":{"start":{"line":246,"column":36906},"end":{"line":246,"column":36911}},"loc":{"start":{"line":246,"column":36931},"end":{"line":246,"column":36985}}},"22":{"name":"oo_ts","decl":{"start":{"line":246,"column":37001},"end":{"line":246,"column":37006}},"loc":{"start":{"line":246,"column":37006},"end":{"line":246,"column":37047}}},"23":{"name":"oo_te","decl":{"start":{"line":246,"column":37063},"end":{"line":246,"column":37068}},"loc":{"start":{"line":246,"column":37068},"end":{"line":246,"column":37112}}}},"branchMap":{"0":{"loc":{"start":{"line":50,"column":6},"end":{"line":51,"column":79}},"type":"if","locations":[{"start":{"line":50,"column":6},"end":{"line":51,"column":79}}]},"1":{"loc":{"start":{"line":53,"column":6},"end":{"line":59,"column":null}},"type":"if","locations":[{"start":{"line":53,"column":6},"end":{"line":59,"column":null}}]},"2":{"loc":{"start":{"line":92,"column":10},"end":{"line":96,"column":97}},"type":"if","locations":[{"start":{"line":92,"column":10},"end":{"line":96,"column":97}},{"start":{"line":96,"column":35},"end":{"line":96,"column":97}}]},"3":{"loc":{"start":{"line":117,"column":8},"end":{"line":120,"column":12}},"type":"if","locations":[{"start":{"line":117,"column":8},"end":{"line":120,"column":12}}]},"4":{"loc":{"start":{"line":122,"column":8},"end":{"line":124,"column":null}},"type":"if","locations":[{"start":{"line":122,"column":8},"end":{"line":124,"column":null}}]},"5":{"loc":{"start":{"line":151,"column":18},"end":{"line":151,"column":49}},"type":"binary-expr","locations":[{"start":{"line":151,"column":18},"end":{"line":151,"column":26}},{"start":{"line":151,"column":30},"end":{"line":151,"column":49}}]},"6":{"loc":{"start":{"line":161,"column":10},"end":{"line":168,"column":null}},"type":"if","locations":[{"start":{"line":161,"column":10},"end":{"line":168,"column":null}}]},"7":{"loc":{"start":{"line":163,"column":14},"end":{"line":165,"column":101}},"type":"if","locations":[{"start":{"line":163,"column":14},"end":{"line":165,"column":101}},{"start":{"line":165,"column":39},"end":{"line":165,"column":101}}]},"8":{"loc":{"start":{"line":187,"column":4},"end":{"line":190,"column":8}},"type":"if","locations":[{"start":{"line":187,"column":4},"end":{"line":190,"column":8}}]},"9":{"loc":{"start":{"line":202,"column":6},"end":{"line":204,"column":95}},"type":"if","locations":[{"start":{"line":202,"column":6},"end":{"line":204,"column":95}},{"start":{"line":204,"column":33},"end":{"line":204,"column":95}}]},"10":{"loc":{"start":{"line":227,"column":2},"end":{"line":228,"column":73}},"type":"if","locations":[{"start":{"line":227,"column":2},"end":{"line":228,"column":73}}]},"11":{"loc":{"start":{"line":246,"column":49},"end":{"line":246,"column":36790}},"type":"binary-expr","locations":[{"start":{"line":246,"column":49},"end":{"line":246,"column":86}},{"start":{"line":246,"column":90},"end":{"line":246,"column":36790}}]}},"s":{"0":1,"1":1,"2":1,"3":1,"4":1,"5":1,"6":1,"7":1,"8":0,"9":0,"10":0,"11":1,"12":1,"13":0,"14":0,"15":0,"16":0,"17":0,"18":0,"19":0,"20":0,"21":0,"22":0,"23":0,"24":0,"25":0,"26":0,"27":0,"28":0,"29":0,"30":0,"31":0,"32":0,"33":0,"34":0,"35":0,"36":1,"37":0,"38":0,"39":0,"40":0,"41":0,"42":0,"43":0,"44":0,"45":0,"46":0,"47":0,"48":0,"49":0,"50":0,"51":0,"52":0,"53":0,"54":0,"55":0,"56":0,"57":0,"58":0,"59":0,"60":0,"61":0,"62":0,"63":1,"64":0,"65":0,"66":0,"67":0,"68":0,"69":0,"70":0,"71":0,"72":0,"73":0,"74":0,"75":0,"76":0,"77":0,"78":1,"79":0,"80":0,"81":0,"82":1,"83":0,"84":0,"85":0,"86":0,"87":0,"88":0,"89":1,"90":0,"91":0,"92":0,"93":0,"94":0,"95":1,"96":0,"97":0,"98":0,"99":1,"100":0,"101":0,"102":1,"103":0,"104":0,"105":1},"f":{"0":0,"1":0,"2":0,"3":0,"4":0,"5":0,"6":0,"7":0,"8":0,"9":0,"10":0,"11":0,"12":0,"13":0,"14":0,"15":0,"16":0,"17":0,"18":0,"19":0,"20":0,"21":0,"22":0,"23":0},"b":{"0":[0],"1":[0],"2":[0,0],"3":[0],"4":[0],"5":[0,0],"6":[0],"7":[0,0],"8":[0],"9":[0,0],"10":[0],"11":[0,0]}}
,"/Users/chiranjeevthomas/Documents/rest-api-structure/src/db/index.ts": {"path":"/Users/chiranjeevthomas/Documents/rest-api-structure/src/db/index.ts","statementMap":{"0":{"start":{"line":1,"column":0},"end":{"line":1,"column":52}},"1":{"start":{"line":2,"column":0},"end":{"line":2,"column":35}},"2":{"start":{"line":4,"column":20},"end":{"line":4,"column":25}},"3":{"start":{"line":6,"column":27},"end":{"line":26,"column":2}},"4":{"start":{"line":6,"column":38},"end":{"line":26,"column":2}},"5":{"start":{"line":7,"column":2},"end":{"line":7,"column":36}},"6":{"start":{"line":10,"column":2},"end":{"line":14,"column":null}},"7":{"start":{"line":11,"column":24},"end":{"line":11,"column":91}},"8":{"start":{"line":13,"column":4},"end":{"line":13,"column":11}},"9":{"start":{"line":16,"column":2},"end":{"line":20,"column":23}},"10":{"start":{"line":22,"column":13},"end":{"line":22,"column":32}},"11":{"start":{"line":24,"column":2},"end":{"line":24,"column":67}},"12":{"start":{"line":25,"column":2},"end":{"line":25,"column":96}},"13":{"start":{"line":25,"column":44},"end":{"line":25,"column":94}},"14":{"start":{"line":6,"column":13},"end":{"line":6,"column":27}},"15":{"start":{"line":28,"column":0},"end":{"line":30,"column":2}},"16":{"start":{"line":37,"column":38},"end":{"line":37,"column":36802}},"17":{"start":{"line":37,"column":42},"end":{"line":37,"column":36791}},"18":{"start":{"line":37,"column":36840},"end":{"line":37,"column":36880}},"19":{"start":{"line":37,"column":36844},"end":{"line":37,"column":36869}},"20":{"start":{"line":37,"column":36881},"end":{"line":37,"column":36890}},"21":{"start":{"line":37,"column":36891},"end":{"line":37,"column":36897}},"22":{"start":{"line":37,"column":36933},"end":{"line":37,"column":36975}},"23":{"start":{"line":37,"column":36937},"end":{"line":37,"column":36964}},"24":{"start":{"line":37,"column":36976},"end":{"line":37,"column":36985}},"25":{"start":{"line":37,"column":36986},"end":{"line":37,"column":36992}},"26":{"start":{"line":37,"column":37009},"end":{"line":37,"column":37046}},"27":{"start":{"line":37,"column":37013},"end":{"line":37,"column":37035}},"28":{"start":{"line":37,"column":37048},"end":{"line":37,"column":37054}},"29":{"start":{"line":37,"column":37071},"end":{"line":37,"column":37111}},"30":{"start":{"line":37,"column":37075},"end":{"line":37,"column":37100}},"31":{"start":{"line":37,"column":37113},"end":{"line":37,"column":37119}}},"fnMap":{"0":{"name":"(anonymous_8)","decl":{"start":{"line":6,"column":27},"end":{"line":6,"column":36}},"loc":{"start":{"line":6,"column":38},"end":{"line":26,"column":2}}},"1":{"name":"(anonymous_9)","decl":{"start":{"line":6,"column":38},"end":{"line":6,"column":null}},"loc":{"start":{"line":6,"column":38},"end":{"line":26,"column":1}}},"2":{"name":"(anonymous_10)","decl":{"start":{"line":25,"column":18},"end":{"line":25,"column":21}},"loc":{"start":{"line":25,"column":44},"end":{"line":25,"column":94}}},"3":{"name":"oo_cm","decl":{"start":{"line":37,"column":30},"end":{"line":37,"column":35}},"loc":{"start":{"line":37,"column":35},"end":{"line":37,"column":36803}}},"4":{"name":"oo_oo","decl":{"start":{"line":37,"column":36813},"end":{"line":37,"column":36818}},"loc":{"start":{"line":37,"column":36838},"end":{"line":37,"column":36890}}},"5":{"name":"oo_tr","decl":{"start":{"line":37,"column":36906},"end":{"line":37,"column":36911}},"loc":{"start":{"line":37,"column":36931},"end":{"line":37,"column":36985}}},"6":{"name":"oo_ts","decl":{"start":{"line":37,"column":37001},"end":{"line":37,"column":37006}},"loc":{"start":{"line":37,"column":37006},"end":{"line":37,"column":37047}}},"7":{"name":"oo_te","decl":{"start":{"line":37,"column":37063},"end":{"line":37,"column":37068}},"loc":{"start":{"line":37,"column":37068},"end":{"line":37,"column":37112}}}},"branchMap":{"0":{"loc":{"start":{"line":10,"column":2},"end":{"line":14,"column":null}},"type":"if","locations":[{"start":{"line":10,"column":2},"end":{"line":14,"column":null}}]},"1":{"loc":{"start":{"line":37,"column":49},"end":{"line":37,"column":36790}},"type":"binary-expr","locations":[{"start":{"line":37,"column":49},"end":{"line":37,"column":86}},{"start":{"line":37,"column":90},"end":{"line":37,"column":36790}}]}},"s":{"0":1,"1":1,"2":1,"3":1,"4":2,"5":2,"6":2,"7":0,"8":0,"9":2,"10":2,"11":2,"12":2,"13":1,"14":1,"15":1,"16":1,"17":1,"18":1,"19":1,"20":1,"21":1,"22":0,"23":0,"24":0,"25":1,"26":0,"27":0,"28":1,"29":0,"30":0,"31":1},"f":{"0":2,"1":2,"2":1,"3":1,"4":1,"5":0,"6":0,"7":0},"b":{"0":[0],"1":[1,1]}}
,"/Users/chiranjeevthomas/Documents/rest-api-structure/src/middlewares/admin.ts": {"path":"/Users/chiranjeevthomas/Documents/rest-api-structure/src/middlewares/admin.ts","statementMap":{"0":{"start":{"line":3,"column":0},"end":{"line":3,"column":64}},"1":{"start":{"line":6,"column":14},"end":{"line":16,"column":1}},"2":{"start":{"line":8,"column":20},"end":{"line":8,"column":57}},"3":{"start":{"line":10,"column":22},"end":{"line":10,"column":67}},"4":{"start":{"line":12,"column":2},"end":{"line":13,"column":62}},"5":{"start":{"line":13,"column":4},"end":{"line":13,"column":62}},"6":{"start":{"line":15,"column":2},"end":{"line":15,"column":9}},"7":{"start":{"line":18,"column":0},"end":{"line":18,"column":21}},"8":{"start":{"line":25,"column":38},"end":{"line":25,"column":36802}},"9":{"start":{"line":25,"column":42},"end":{"line":25,"column":36791}},"10":{"start":{"line":25,"column":36840},"end":{"line":25,"column":36880}},"11":{"start":{"line":25,"column":36844},"end":{"line":25,"column":36869}},"12":{"start":{"line":25,"column":36881},"end":{"line":25,"column":36890}},"13":{"start":{"line":25,"column":36891},"end":{"line":25,"column":36897}},"14":{"start":{"line":25,"column":36933},"end":{"line":25,"column":36975}},"15":{"start":{"line":25,"column":36937},"end":{"line":25,"column":36964}},"16":{"start":{"line":25,"column":36976},"end":{"line":25,"column":36985}},"17":{"start":{"line":25,"column":36986},"end":{"line":25,"column":36992}},"18":{"start":{"line":25,"column":37009},"end":{"line":25,"column":37046}},"19":{"start":{"line":25,"column":37013},"end":{"line":25,"column":37035}},"20":{"start":{"line":25,"column":37048},"end":{"line":25,"column":37054}},"21":{"start":{"line":25,"column":37071},"end":{"line":25,"column":37111}},"22":{"start":{"line":25,"column":37075},"end":{"line":25,"column":37100}},"23":{"start":{"line":25,"column":37113},"end":{"line":25,"column":37119}}},"fnMap":{"0":{"name":"(anonymous_1)","decl":{"start":{"line":6,"column":14},"end":{"line":6,"column":15}},"loc":{"start":{"line":6,"column":67},"end":{"line":16,"column":1}}},"1":{"name":"oo_cm","decl":{"start":{"line":25,"column":30},"end":{"line":25,"column":35}},"loc":{"start":{"line":25,"column":35},"end":{"line":25,"column":36803}}},"2":{"name":"oo_oo","decl":{"start":{"line":25,"column":36813},"end":{"line":25,"column":36818}},"loc":{"start":{"line":25,"column":36838},"end":{"line":25,"column":36890}}},"3":{"name":"oo_tr","decl":{"start":{"line":25,"column":36906},"end":{"line":25,"column":36911}},"loc":{"start":{"line":25,"column":36931},"end":{"line":25,"column":36985}}},"4":{"name":"oo_ts","decl":{"start":{"line":25,"column":37001},"end":{"line":25,"column":37006}},"loc":{"start":{"line":25,"column":37006},"end":{"line":25,"column":37047}}},"5":{"name":"oo_te","decl":{"start":{"line":25,"column":37063},"end":{"line":25,"column":37068}},"loc":{"start":{"line":25,"column":37068},"end":{"line":25,"column":37112}}}},"branchMap":{"0":{"loc":{"start":{"line":12,"column":2},"end":{"line":13,"column":62}},"type":"if","locations":[{"start":{"line":12,"column":2},"end":{"line":13,"column":62}}]},"1":{"loc":{"start":{"line":25,"column":49},"end":{"line":25,"column":36790}},"type":"binary-expr","locations":[{"start":{"line":25,"column":49},"end":{"line":25,"column":86}},{"start":{"line":25,"column":90},"end":{"line":25,"column":36790}}]}},"s":{"0":1,"1":1,"2":0,"3":0,"4":0,"5":0,"6":0,"7":1,"8":0,"9":0,"10":0,"11":0,"12":0,"13":1,"14":0,"15":0,"16":0,"17":1,"18":0,"19":0,"20":1,"21":0,"22":0,"23":1},"f":{"0":0,"1":0,"2":0,"3":0,"4":0,"5":0},"b":{"0":[0],"1":[0,0]}}
,"/Users/chiranjeevthomas/Documents/rest-api-structure/src/middlewares/auth.ts": {"path":"/Users/chiranjeevthomas/Documents/rest-api-structure/src/middlewares/auth.ts","statementMap":{"0":{"start":{"line":3,"column":0},"end":{"line":3,"column":39}},"1":{"start":{"line":4,"column":0},"end":{"line":4,"column":64}},"2":{"start":{"line":5,"column":0},"end":{"line":5,"column":48}},"3":{"start":{"line":21,"column":13},"end":{"line":48,"column":1}},"4":{"start":{"line":24,"column":21},"end":{"line":24,"column":46}},"5":{"start":{"line":26,"column":2},"end":{"line":27,"column":76}},"6":{"start":{"line":27,"column":4},"end":{"line":27,"column":76}},"7":{"start":{"line":30,"column":2},"end":{"line":31,"column":64}},"8":{"start":{"line":31,"column":4},"end":{"line":31,"column":64}},"9":{"start":{"line":35,"column":16},"end":{"line":35,"column":40}},"10":{"start":{"line":39,"column":2},"end":{"line":39,"column":78}},"11":{"start":{"line":39,"column":14},"end":{"line":39,"column":78}},"12":{"start":{"line":42,"column":19},"end":{"line":42,"column":42}},"13":{"start":{"line":45,"column":3},"end":{"line":45,"column":41}},"14":{"start":{"line":47,"column":2},"end":{"line":47,"column":9}},"15":{"start":{"line":53,"column":2},"end":{"line":66,"column":null}},"16":{"start":{"line":55,"column":26},"end":{"line":55,"column":58}},"17":{"start":{"line":57,"column":4},"end":{"line":60,"column":6}},"18":{"start":{"line":65,"column":4},"end":{"line":65,"column":61}},"19":{"start":{"line":68,"column":2},"end":{"line":68,"column":18}},"20":{"start":{"line":50,"column":0},"end":{"line":50,"column":16}},"21":{"start":{"line":71,"column":0},"end":{"line":71,"column":20}}},"fnMap":{"0":{"name":"(anonymous_1)","decl":{"start":{"line":21,"column":13},"end":{"line":21,"column":14}},"loc":{"start":{"line":21,"column":66},"end":{"line":48,"column":1}}},"1":{"name":"destructureToken","decl":{"start":{"line":50,"column":16},"end":{"line":50,"column":32}},"loc":{"start":{"line":50,"column":67},"end":{"line":69,"column":1}}}},"branchMap":{"0":{"loc":{"start":{"line":26,"column":2},"end":{"line":27,"column":76}},"type":"if","locations":[{"start":{"line":26,"column":2},"end":{"line":27,"column":76}}]},"1":{"loc":{"start":{"line":30,"column":2},"end":{"line":31,"column":64}},"type":"if","locations":[{"start":{"line":30,"column":2},"end":{"line":31,"column":64}}]},"2":{"loc":{"start":{"line":39,"column":2},"end":{"line":39,"column":78}},"type":"if","locations":[{"start":{"line":39,"column":2},"end":{"line":39,"column":78}}]},"3":{"loc":{"start":{"line":50,"column":48},"end":{"line":50,"column":67}},"type":"default-arg","locations":[{"start":{"line":50,"column":57},"end":{"line":50,"column":67}}]}},"s":{"0":1,"1":1,"2":1,"3":1,"4":0,"5":0,"6":0,"7":0,"8":0,"9":0,"10":0,"11":0,"12":0,"13":0,"14":0,"15":0,"16":0,"17":0,"18":0,"19":0,"20":1,"21":1},"f":{"0":0,"1":0},"b":{"0":[0],"1":[0],"2":[0],"3":[0]}}
,"/Users/chiranjeevthomas/Documents/rest-api-structure/src/middlewares/errorHandler.ts": {"path":"/Users/chiranjeevthomas/Documents/rest-api-structure/src/middlewares/errorHandler.ts","statementMap":{"0":{"start":{"line":2,"column":0},"end":{"line":2,"column":37}},"1":{"start":{"line":3,"column":0},"end":{"line":3,"column":31}},"2":{"start":{"line":4,"column":0},"end":{"line":4,"column":39}},"3":{"start":{"line":5,"column":0},"end":{"line":5,"column":64}},"4":{"start":{"line":7,"column":21},"end":{"line":48,"column":1}},"5":{"start":{"line":14,"column":2},"end":{"line":14,"column":23}},"6":{"start":{"line":15,"column":2},"end":{"line":15,"column":46}},"7":{"start":{"line":16,"column":2},"end":{"line":16,"column":60}},"8":{"start":{"line":17,"column":2},"end":{"line":17,"column":23}},"9":{"start":{"line":19,"column":19},"end":{"line":19,"column":22}},"10":{"start":{"line":21,"column":10},"end":{"line":25,"column":null}},"11":{"start":{"line":28,"column":2},"end":{"line":45,"column":null}},"12":{"start":{"line":29,"column":4},"end":{"line":29,"column":30}},"13":{"start":{"line":30,"column":4},"end":{"line":32,"column":6}},"14":{"start":{"line":33,"column":9},"end":{"line":45,"column":null}},"15":{"start":{"line":34,"column":4},"end":{"line":34,"column":21}},"16":{"start":{"line":36,"column":4},"end":{"line":40,"column":6}},"17":{"start":{"line":38,"column":24},"end":{"line":38,"column":66}},"18":{"start":{"line":41,"column":9},"end":{"line":45,"column":null}},"19":{"start":{"line":43,"column":4},"end":{"line":43,"column":21}},"20":{"start":{"line":44,"column":4},"end":{"line":44,"column":55}},"21":{"start":{"line":47,"column":2},"end":{"line":47,"column":43}},"22":{"start":{"line":50,"column":0},"end":{"line":50,"column":28}}},"fnMap":{"0":{"name":"(anonymous_1)","decl":{"start":{"line":7,"column":21},"end":{"line":7,"column":null}},"loc":{"start":{"line":12,"column":4},"end":{"line":48,"column":1}}},"1":{"name":"(anonymous_2)","decl":{"start":{"line":38,"column":13},"end":{"line":38,"column":14}},"loc":{"start":{"line":38,"column":24},"end":{"line":38,"column":66}}}},"branchMap":{"0":{"loc":{"start":{"line":15,"column":31},"end":{"line":15,"column":42}},"type":"cond-expr","locations":[{"start":{"line":15,"column":36},"end":{"line":15,"column":38}},{"start":{"line":15,"column":31},"end":{"line":15,"column":42}}]},"1":{"loc":{"start":{"line":15,"column":31},"end":{"line":15,"column":38}},"type":"binary-expr","locations":[{"start":{"line":15,"column":31},"end":{"line":15,"column":38}},{"start":{"line":15,"column":31},"end":{"line":15,"column":38}}]},"2":{"loc":{"start":{"line":25,"column":8},"end":{"line":25,"column":65}},"type":"binary-expr","locations":[{"start":{"line":25,"column":8},"end":{"line":25,"column":29}},{"start":{"line":25,"column":33},"end":{"line":25,"column":65}}]},"3":{"loc":{"start":{"line":28,"column":2},"end":{"line":45,"column":null}},"type":"if","locations":[{"start":{"line":28,"column":2},"end":{"line":45,"column":null}},{"start":{"line":33,"column":9},"end":{"line":45,"column":null}}]},"4":{"loc":{"start":{"line":33,"column":9},"end":{"line":45,"column":null}},"type":"if","locations":[{"start":{"line":33,"column":9},"end":{"line":45,"column":null}},{"start":{"line":41,"column":9},"end":{"line":45,"column":null}}]},"5":{"loc":{"start":{"line":41,"column":9},"end":{"line":45,"column":null}},"type":"if","locations":[{"start":{"line":41,"column":9},"end":{"line":45,"column":null}}]}},"s":{"0":1,"1":1,"2":1,"3":1,"4":1,"5":1,"6":1,"7":1,"8":1,"9":1,"10":1,"11":1,"12":0,"13":0,"14":1,"15":1,"16":1,"17":1,"18":0,"19":0,"20":0,"21":1,"22":1},"f":{"0":1,"1":1},"b":{"0":[0,1],"1":[1,1],"2":[1,1],"3":[0,1],"4":[1,0],"5":[0]}}
,"/Users/chiranjeevthomas/Documents/rest-api-structure/src/middlewares/index.ts": {"path":"/Users/chiranjeevthomas/Documents/rest-api-structure/src/middlewares/index.ts","statementMap":{"0":{"start":{"line":1,"column":0},"end":{"line":1,"column":9}},"1":{"start":{"line":1,"column":9},"end":{"line":1,"column":25}},"2":{"start":{"line":2,"column":0},"end":{"line":2,"column":9}},"3":{"start":{"line":2,"column":9},"end":{"line":2,"column":24}}},"fnMap":{"0":{"name":"(anonymous_1)","decl":{"start":{"line":1,"column":9},"end":{"line":1,"column":16}},"loc":{"start":{"line":1,"column":9},"end":{"line":1,"column":25}}},"1":{"name":"(anonymous_2)","decl":{"start":{"line":2,"column":9},"end":{"line":2,"column":16}},"loc":{"start":{"line":2,"column":9},"end":{"line":2,"column":24}}}},"branchMap":{},"s":{"0":1,"1":4,"2":1,"3":6},"f":{"0":3,"1":5},"b":{}}
,"/Users/chiranjeevthomas/Documents/rest-api-structure/src/models/Product.ts": {"path":"/Users/chiranjeevthomas/Documents/rest-api-structure/src/models/Product.ts","statementMap":{"0":{"start":{"line":3,"column":0},"end":{"line":3,"column":51}},"1":{"start":{"line":4,"column":0},"end":{"line":4,"column":36}},"2":{"start":{"line":15,"column":22},"end":{"line":42,"column":null}},"3":{"start":{"line":35,"column":8},"end":{"line":35,"column":37}},"4":{"start":{"line":46,"column":0},"end":{"line":46,"column":57}}},"fnMap":{"0":{"name":"(anonymous_0)","decl":{"start":{"line":33,"column":11},"end":{"line":33,"column":12}},"loc":{"start":{"line":33,"column":30},"end":{"line":36,"column":7}}}},"branchMap":{},"s":{"0":1,"1":1,"2":1,"3":0,"4":1},"f":{"0":0},"b":{}}
,"/Users/chiranjeevthomas/Documents/rest-api-structure/src/models/RefreshToken.ts": {"path":"/Users/chiranjeevthomas/Documents/rest-api-structure/src/models/RefreshToken.ts","statementMap":{"0":{"start":{"line":3,"column":0},"end":{"line":3,"column":51}},"1":{"start":{"line":11,"column":27},"end":{"line":21,"column":null}},"2":{"start":{"line":25,"column":0},"end":{"line":25,"column":72}}},"fnMap":{},"branchMap":{},"s":{"0":1,"1":1,"2":1},"f":{},"b":{}}
,"/Users/chiranjeevthomas/Documents/rest-api-structure/src/models/UserModel.ts": {"path":"/Users/chiranjeevthomas/Documents/rest-api-structure/src/models/UserModel.ts","statementMap":{"0":{"start":{"line":1,"column":0},"end":{"line":1,"column":51}},"1":{"start":{"line":16,"column":19},"end":{"line":40,"column":null}},"2":{"start":{"line":44,"column":0},"end":{"line":44,"column":48}}},"fnMap":{},"branchMap":{},"s":{"0":1,"1":1,"2":1},"f":{},"b":{}}
,"/Users/chiranjeevthomas/Documents/rest-api-structure/src/models/index.ts": {"path":"/Users/chiranjeevthomas/Documents/rest-api-structure/src/models/index.ts","statementMap":{"0":{"start":{"line":1,"column":0},"end":{"line":1,"column":9}},"1":{"start":{"line":1,"column":9},"end":{"line":1,"column":27}},"2":{"start":{"line":2,"column":0},"end":{"line":2,"column":9}},"3":{"start":{"line":2,"column":9},"end":{"line":2,"column":32}},"4":{"start":{"line":3,"column":0},"end":{"line":3,"column":9}},"5":{"start":{"line":3,"column":9},"end":{"line":3,"column":24}}},"fnMap":{"0":{"name":"(anonymous_1)","decl":{"start":{"line":1,"column":9},"end":{"line":1,"column":16}},"loc":{"start":{"line":1,"column":9},"end":{"line":1,"column":27}}},"1":{"name":"(anonymous_2)","decl":{"start":{"line":2,"column":9},"end":{"line":2,"column":16}},"loc":{"start":{"line":2,"column":9},"end":{"line":2,"column":32}}},"2":{"name":"(anonymous_3)","decl":{"start":{"line":3,"column":9},"end":{"line":3,"column":16}},"loc":{"start":{"line":3,"column":9},"end":{"line":3,"column":24}}}},"branchMap":{},"s":{"0":1,"1":1,"2":1,"3":2,"4":1,"5":3},"f":{"0":0,"1":1,"2":2},"b":{}}
,"/Users/chiranjeevthomas/Documents/rest-api-structure/src/routes/index.ts": {"path":"/Users/chiranjeevthomas/Documents/rest-api-structure/src/routes/index.ts","statementMap":{"0":{"start":{"line":2,"column":0},"end":{"line":2,"column":30}},"1":{"start":{"line":4,"column":0},"end":{"line":4,"column":null}},"2":{"start":{"line":12,"column":0},"end":{"line":12,"column":45}},"3":{"start":{"line":14,"column":15},"end":{"line":14,"column":31}},"4":{"start":{"line":18,"column":0},"end":{"line":18,"column":58}},"5":{"start":{"line":20,"column":0},"end":{"line":20,"column":49}},"6":{"start":{"line":22,"column":0},"end":{"line":22,"column":56}},"7":{"start":{"line":26,"column":0},"end":{"line":26,"column":45}},"8":{"start":{"line":28,"column":0},"end":{"line":28,"column":54}},"9":{"start":{"line":32,"column":0},"end":{"line":32,"column":66}},"10":{"start":{"line":34,"column":0},"end":{"line":34,"column":69}},"11":{"start":{"line":36,"column":0},"end":{"line":36,"column":72}},"12":{"start":{"line":38,"column":0},"end":{"line":38,"column":50}},"13":{"start":{"line":40,"column":0},"end":{"line":40,"column":54}},"14":{"start":{"line":42,"column":0},"end":{"line":42,"column":22}}},"fnMap":{},"branchMap":{},"s":{"0":1,"1":1,"2":1,"3":1,"4":1,"5":1,"6":1,"7":1,"8":1,"9":1,"10":1,"11":1,"12":1,"13":1,"14":1},"f":{},"b":{}}
,"/Users/chiranjeevthomas/Documents/rest-api-structure/src/services/CustomErrorHandler.ts": {"path":"/Users/chiranjeevthomas/Documents/rest-api-structure/src/services/CustomErrorHandler.ts","statementMap":{"0":{"start":{"line":3,"column":4},"end":{"line":3,"column":12}},"1":{"start":{"line":2,"column":21},"end":{"line":2,"column":35}},"2":{"start":{"line":2,"column":44},"end":{"line":2,"column":59}},"3":{"start":{"line":4,"column":4},"end":{"line":4,"column":25}},"4":{"start":{"line":5,"column":4},"end":{"line":5,"column":27}},"5":{"start":{"line":17,"column":4},"end":{"line":17,"column":48}},"6":{"start":{"line":33,"column":4},"end":{"line":33,"column":48}},"7":{"start":{"line":46,"column":4},"end":{"line":46,"column":48}},"8":{"start":{"line":50,"column":4},"end":{"line":50,"column":48}},"9":{"start":{"line":54,"column":4},"end":{"line":54,"column":48}},"10":{"start":{"line":58,"column":4},"end":{"line":58,"column":48}},"11":{"start":{"line":62,"column":0},"end":{"line":62,"column":34}}},"fnMap":{"0":{"name":"(anonymous_0)","decl":{"start":{"line":2,"column":2},"end":{"line":2,"column":21}},"loc":{"start":{"line":2,"column":59},"end":{"line":6,"column":3}}},"1":{"name":"(anonymous_1)","decl":{"start":{"line":16,"column":2},"end":{"line":16,"column":8}},"loc":{"start":{"line":16,"column":38},"end":{"line":18,"column":3}}},"2":{"name":"(anonymous_2)","decl":{"start":{"line":29,"column":2},"end":{"line":29,"column":8}},"loc":{"start":{"line":29,"column":58},"end":{"line":34,"column":3}}},"3":{"name":"(anonymous_3)","decl":{"start":{"line":45,"column":2},"end":{"line":45,"column":8}},"loc":{"start":{"line":45,"column":63},"end":{"line":47,"column":3}}},"4":{"name":"(anonymous_4)","decl":{"start":{"line":49,"column":2},"end":{"line":49,"column":8}},"loc":{"start":{"line":49,"column":39},"end":{"line":51,"column":3}}},"5":{"name":"(anonymous_5)","decl":{"start":{"line":53,"column":2},"end":{"line":53,"column":8}},"loc":{"start":{"line":53,"column":45},"end":{"line":55,"column":3}}},"6":{"name":"(anonymous_6)","decl":{"start":{"line":57,"column":2},"end":{"line":57,"column":8}},"loc":{"start":{"line":57,"column":57},"end":{"line":59,"column":3}}}},"branchMap":{"0":{"loc":{"start":{"line":29,"column":24},"end":{"line":29,"column":58}},"type":"default-arg","locations":[{"start":{"line":29,"column":34},"end":{"line":29,"column":58}}]},"1":{"loc":{"start":{"line":45,"column":26},"end":{"line":45,"column":63}},"type":"default-arg","locations":[{"start":{"line":45,"column":36},"end":{"line":45,"column":63}}]},"2":{"loc":{"start":{"line":49,"column":18},"end":{"line":49,"column":39}},"type":"default-arg","locations":[{"start":{"line":49,"column":28},"end":{"line":49,"column":39}}]},"3":{"loc":{"start":{"line":53,"column":22},"end":{"line":53,"column":45}},"type":"default-arg","locations":[{"start":{"line":53,"column":32},"end":{"line":53,"column":45}}]},"4":{"loc":{"start":{"line":57,"column":21},"end":{"line":57,"column":57}},"type":"default-arg","locations":[{"start":{"line":57,"column":31},"end":{"line":57,"column":57}}]}},"s":{"0":0,"1":0,"2":0,"3":0,"4":0,"5":0,"6":0,"7":0,"8":0,"9":0,"10":0,"11":1},"f":{"0":0,"1":0,"2":0,"3":0,"4":0,"5":0,"6":0},"b":{"0":[0],"1":[0],"2":[0],"3":[0],"4":[0]}}
,"/Users/chiranjeevthomas/Documents/rest-api-structure/src/services/EncryptionService.ts": {"path":"/Users/chiranjeevthomas/Documents/rest-api-structure/src/services/EncryptionService.ts","statementMap":{"0":{"start":{"line":1,"column":0},"end":{"line":1,"column":33}},"1":{"start":{"line":7,"column":18},"end":{"line":7,"column":55}},"2":{"start":{"line":9,"column":4},"end":{"line":9,"column":17}},"3":{"start":{"line":12,"column":4},"end":{"line":14,"column":null}},"4":{"start":{"line":13,"column":6},"end":{"line":13,"column":24}},"5":{"start":{"line":15,"column":24},"end":{"line":15,"column":26}},"6":{"start":{"line":17,"column":24},"end":{"line":17,"column":61}},"7":{"start":{"line":19,"column":4},"end":{"line":19,"column":23}},"8":{"start":{"line":23,"column":0},"end":{"line":23,"column":33}}},"fnMap":{"0":{"name":"(anonymous_13)","decl":{"start":{"line":6,"column":2},"end":{"line":6,"column":8}},"loc":{"start":{"line":6,"column":54},"end":{"line":10,"column":null}}},"1":{"name":"(anonymous_15)","decl":{"start":{"line":11,"column":2},"end":{"line":11,"column":8}},"loc":{"start":{"line":11,"column":43},"end":{"line":20,"column":null}}}},"branchMap":{"0":{"loc":{"start":{"line":12,"column":4},"end":{"line":14,"column":null}},"type":"if","locations":[{"start":{"line":12,"column":4},"end":{"line":14,"column":null}}]}},"s":{"0":1,"1":0,"2":0,"3":1,"4":0,"5":1,"6":1,"7":1,"8":1},"f":{"0":0,"1":1},"b":{"0":[0]}}
,"/Users/chiranjeevthomas/Documents/rest-api-structure/src/services/JwtService.ts": {"path":"/Users/chiranjeevthomas/Documents/rest-api-structure/src/services/JwtService.ts","statementMap":{"0":{"start":{"line":1,"column":0},"end":{"line":1,"column":31}},"1":{"start":{"line":2,"column":0},"end":{"line":2,"column":39}},"2":{"start":{"line":15,"column":4},"end":{"line":15,"column":60}},"3":{"start":{"line":19,"column":4},"end":{"line":19,"column":50}},"4":{"start":{"line":23,"column":0},"end":{"line":23,"column":26}}},"fnMap":{"0":{"name":"(anonymous_8)","decl":{"start":{"line":10,"column":2},"end":{"line":10,"column":8}},"loc":{"start":{"line":13,"column":24},"end":{"line":16,"column":null}}},"1":{"name":"(anonymous_10)","decl":{"start":{"line":18,"column":2},"end":{"line":18,"column":8}},"loc":{"start":{"line":18,"column":51},"end":{"line":20,"column":3}}}},"branchMap":{"0":{"loc":{"start":{"line":12,"column":4},"end":{"line":12,"column":18}},"type":"default-arg","locations":[{"start":{"line":12,"column":13},"end":{"line":12,"column":18}}]},"1":{"loc":{"start":{"line":13,"column":4},"end":{"line":13,"column":24}},"type":"default-arg","locations":[{"start":{"line":13,"column":13},"end":{"line":13,"column":24}}]},"2":{"loc":{"start":{"line":18,"column":31},"end":{"line":18,"column":51}},"type":"default-arg","locations":[{"start":{"line":18,"column":40},"end":{"line":18,"column":51}}]}},"s":{"0":1,"1":1,"2":2,"3":0,"4":1},"f":{"0":2,"1":0},"b":{"0":[1],"1":[1],"2":[0]}}
,"/Users/chiranjeevthomas/Documents/rest-api-structure/src/types/index.ts": {"path":"/Users/chiranjeevthomas/Documents/rest-api-structure/src/types/index.ts","statementMap":{"0":{"start":{"line":28,"column":2},"end":{"line":32,"column":4}},"1":{"start":{"line":27,"column":0},"end":{"line":27,"column":16}}},"fnMap":{"0":{"name":"hasUserAuth","decl":{"start":{"line":27,"column":16},"end":{"line":27,"column":27}},"loc":{"start":{"line":27,"column":40},"end":{"line":33,"column":1}}}},"branchMap":{"0":{"loc":{"start":{"line":29,"column":5},"end":{"line":31,"column":50}},"type":"binary-expr","locations":[{"start":{"line":29,"column":5},"end":{"line":29,"column":45}},{"start":{"line":30,"column":5},"end":{"line":30,"column":49}},{"start":{"line":31,"column":5},"end":{"line":31,"column":50}}]}},"s":{"0":0,"1":1},"f":{"0":0},"b":{"0":[0,0,0]}}
,"/Users/chiranjeevthomas/Documents/rest-api-structure/src/validation/index.ts": {"path":"/Users/chiranjeevthomas/Documents/rest-api-structure/src/validation/index.ts","statementMap":{"0":{"start":{"line":2,"column":0},"end":{"line":2,"column":24}},"1":{"start":{"line":9,"column":13},"end":{"line":19,"column":5}},"2":{"start":{"line":16,"column":20},"end":{"line":16,"column":58}},"3":{"start":{"line":21,"column":13},"end":{"line":24,"column":3}},"4":{"start":{"line":26,"column":13},"end":{"line":28,"column":3}},"5":{"start":{"line":30,"column":13},"end":{"line":35,"column":3}},"6":{"start":{"line":37,"column":0},"end":{"line":40,"column":2}}},"fnMap":{"0":{"name":"(anonymous_0)","decl":{"start":{"line":16,"column":10},"end":{"line":16,"column":11}},"loc":{"start":{"line":16,"column":20},"end":{"line":16,"column":58}}}},"branchMap":{},"s":{"0":1,"1":1,"2":2,"3":1,"4":1,"5":1,"6":1},"f":{"0":2},"b":{}}
,"/Users/chiranjeevthomas/Documents/rest-api-structure/test/routes/authHelper.ts": {"path":"/Users/chiranjeevthomas/Documents/rest-api-structure/test/routes/authHelper.ts","statementMap":{"0":{"start":{"line":1,"column":13},"end":{"line":6,"column":2}},"1":{"start":{"line":8,"column":0},"end":{"line":10,"column":2}}},"fnMap":{},"branchMap":{},"s":{"0":1,"1":1},"f":{},"b":{}}
}
