TN:
SF:src/app.ts
FN:15,(anonymous_8)
FN:15,(anonymous_9)
FN:18,(anonymous_10)
FNF:3
FNH:2
FNDA:1,(anonymous_8)
FNDA:1,(anonymous_9)
FNDA:0,(anonymous_10)
DA:1,1
DA:2,1
DA:5,1
DA:6,1
DA:8,1
DA:12,1
DA:15,1
DA:17,1
DA:19,0
DA:25,1
DA:27,1
DA:29,1
DA:33,1
DA:38,1
DA:40,1
LF:15
LH:14
BRF:0
BRH:0
end_of_record
TN:
SF:src/config/index.ts
FNF:0
FNH:0
DA:3,1
DA:4,1
DA:5,1
DA:7,1
LF:4
LH:4
BRDA:13,0,0,1
BRDA:13,0,1,0
BRF:2
BRH:1
end_of_record
TN:
SF:src/controllers/index.ts
FN:4,(anonymous_1)
FN:5,(anonymous_2)
FN:6,(anonymous_3)
FN:7,(anonymous_4)
FN:8,(anonymous_5)
FNF:5
FNH:5
FNDA:1,(anonymous_1)
FNDA:1,(anonymous_2)
FNDA:1,(anonymous_3)
FNDA:2,(anonymous_4)
FNDA:5,(anonymous_5)
DA:4,2
DA:5,2
DA:6,2
DA:7,3
DA:8,6
LF:5
LH:5
BRF:0
BRH:0
end_of_record
TN:
SF:src/controllers/auth/loginController.ts
FN:10,(anonymous_8)
FN:13,(anonymous_9)
FN:76,oo_cm
FN:76,oo_oo
FN:76,oo_tr
FN:76,oo_ts
FN:76,oo_te
FNF:7
FNH:0
FNDA:0,(anonymous_8)
FNDA:0,(anonymous_9)
FNDA:0,oo_cm
FNDA:0,oo_oo
FNDA:0,oo_tr
FNDA:0,oo_ts
FNDA:0,oo_te
DA:2,1
DA:3,1
DA:4,1
DA:5,1
DA:6,1
DA:8,1
DA:10,1
DA:13,0
DA:16,0
DA:18,0
DA:20,0
DA:26,0
DA:28,0
DA:30,0
DA:34,0
DA:36,0
DA:40,0
DA:47,0
DA:58,0
DA:61,0
DA:67,1
DA:76,1
LF:22
LH:9
BRDA:30,0,0,0
BRDA:36,1,0,0
BRDA:76,2,0,0
BRDA:76,2,1,0
BRF:4
BRH:0
end_of_record
TN:
SF:src/controllers/auth/refreshTokenController.ts
FN:14,(anonymous_8)
FN:14,(anonymous_9)
FNF:2
FNH:0
FNDA:0,(anonymous_8)
FNDA:0,(anonymous_9)
DA:3,1
DA:4,1
DA:5,1
DA:6,1
DA:7,1
DA:8,1
DA:14,1
DA:17,0
DA:19,0
DA:23,0
DA:27,0
DA:28,0
DA:32,0
DA:39,0
DA:41,0
DA:45,0
DA:52,0
DA:55,0
DA:63,0
DA:70,0
DA:73,1
LF:21
LH:8
BRDA:27,0,0,0
BRDA:41,1,0,0
BRF:2
BRH:0
end_of_record
TN:
SF:src/controllers/auth/registerController.ts
FN:16,(anonymous_8)
FN:20,(anonymous_9)
FNF:2
FNH:2
FNDA:1,(anonymous_8)
FNDA:1,(anonymous_9)
DA:2,1
DA:3,1
DA:5,1
DA:6,1
DA:7,1
DA:9,1
DA:16,1
DA:20,1
DA:21,1
DA:23,1
DA:28,1
DA:30,1
DA:31,0
DA:36,1
DA:39,1
DA:47,1
DA:50,1
DA:56,1
DA:67,1
DA:70,1
DA:71,1
DA:73,0
DA:77,1
LF:23
LH:21
BRDA:30,0,0,0
BRF:1
BRH:0
end_of_record
TN:
SF:src/controllers/auth/userController.ts
FN:19,(anonymous_8)
FN:23,(anonymous_9)
FN:60,(anonymous_10)
FN:60,(anonymous_11)
FN:81,oo_cm
FN:81,oo_oo
FN:81,oo_tr
FN:81,oo_ts
FN:81,oo_te
FNF:9
FNH:0
FNDA:0,(anonymous_8)
FNDA:0,(anonymous_9)
FNDA:0,(anonymous_10)
FNDA:0,(anonymous_11)
FNDA:0,oo_cm
FNDA:0,oo_oo
FNDA:0,oo_tr
FNDA:0,oo_ts
FNDA:0,oo_te
DA:3,1
DA:4,1
DA:5,1
DA:6,1
DA:19,1
DA:23,0
DA:24,0
DA:27,0
DA:28,0
DA:31,0
DA:37,0
DA:39,0
DA:41,0
DA:45,0
DA:47,0
DA:60,1
DA:61,0
DA:63,0
DA:66,0
DA:68,0
DA:71,1
DA:81,1
LF:22
LH:8
BRDA:27,0,0,0
BRDA:41,1,0,0
BRDA:81,2,0,0
BRDA:81,2,1,0
BRF:4
BRH:0
end_of_record
TN:
SF:src/controllers/product/productController.ts
FN:19,(anonymous_8)
FN:20,(anonymous_9)
FN:42,(anonymous_10)
FN:42,(anonymous_11)
FN:46,(anonymous_12)
FN:46,(anonymous_13)
FN:91,(anonymous_14)
FN:109,(anonymous_15)
FN:109,(anonymous_16)
FN:112,(anonymous_17)
FN:112,(anonymous_18)
FN:162,(anonymous_19)
FN:179,(anonymous_20)
FN:179,(anonymous_21)
FN:201,(anonymous_22)
FN:214,(anonymous_23)
FN:214,(anonymous_24)
FN:222,(anonymous_25)
FN:222,(anonymous_26)
FN:246,oo_cm
FN:246,oo_oo
FN:246,oo_tr
FN:246,oo_ts
FN:246,oo_te
FNF:24
FNH:0
FNDA:0,(anonymous_8)
FNDA:0,(anonymous_9)
FNDA:0,(anonymous_10)
FNDA:0,(anonymous_11)
FNDA:0,(anonymous_12)
FNDA:0,(anonymous_13)
FNDA:0,(anonymous_14)
FNDA:0,(anonymous_15)
FNDA:0,(anonymous_16)
FNDA:0,(anonymous_17)
FNDA:0,(anonymous_18)
FNDA:0,(anonymous_19)
FNDA:0,(anonymous_20)
FNDA:0,(anonymous_21)
FNDA:0,(anonymous_22)
FNDA:0,(anonymous_23)
FNDA:0,(anonymous_24)
FNDA:0,(anonymous_25)
FNDA:0,(anonymous_26)
FNDA:0,oo_cm
FNDA:0,oo_oo
FNDA:0,oo_tr
FNDA:0,oo_ts
FNDA:0,oo_te
DA:2,1
DA:4,1
DA:5,1
DA:6,1
DA:7,1
DA:8,1
DA:9,1
DA:18,1
DA:19,0
DA:25,0
DA:29,0
DA:34,1
DA:42,1
DA:46,0
DA:47,0
DA:50,0
DA:51,0
DA:53,0
DA:54,0
DA:61,0
DA:63,0
DA:69,0
DA:70,0
DA:71,0
DA:73,0
DA:74,0
DA:81,0
DA:91,0
DA:92,0
DA:93,0
DA:96,0
DA:98,0
DA:101,0
DA:103,0
DA:109,1
DA:110,0
DA:112,0
DA:113,0
DA:117,0
DA:118,0
DA:122,0
DA:123,0
DA:126,0
DA:132,0
DA:133,0
DA:134,0
DA:136,0
DA:137,0
DA:143,0
DA:145,0
DA:155,0
DA:161,0
DA:162,0
DA:163,0
DA:164,0
DA:165,0
DA:167,0
DA:171,0
DA:175,0
DA:179,1
DA:180,0
DA:183,0
DA:185,0
DA:187,0
DA:188,0
DA:197,0
DA:199,0
DA:201,0
DA:202,0
DA:203,0
DA:204,0
DA:207,0
DA:210,0
DA:214,1
DA:215,0
DA:219,0
DA:222,1
DA:223,0
DA:225,0
DA:227,0
DA:228,0
DA:230,0
DA:233,1
DA:246,1
LF:84
LH:16
BRDA:50,0,0,0
BRDA:53,1,0,0
BRDA:92,2,0,0
BRDA:92,2,1,0
BRDA:117,3,0,0
BRDA:122,4,0,0
BRDA:151,5,0,0
BRDA:151,5,1,0
BRDA:161,6,0,0
BRDA:163,7,0,0
BRDA:163,7,1,0
BRDA:187,8,0,0
BRDA:202,9,0,0
BRDA:202,9,1,0
BRDA:227,10,0,0
BRDA:246,11,0,0
BRDA:246,11,1,0
BRF:17
BRH:0
end_of_record
TN:
SF:src/db/index.ts
FN:6,(anonymous_8)
FN:6,(anonymous_9)
FN:25,(anonymous_10)
FN:37,oo_cm
FN:37,oo_oo
FN:37,oo_tr
FN:37,oo_ts
FN:37,oo_te
FNF:8
FNH:5
FNDA:2,(anonymous_8)
FNDA:2,(anonymous_9)
FNDA:1,(anonymous_10)
FNDA:1,oo_cm
FNDA:1,oo_oo
FNDA:0,oo_tr
FNDA:0,oo_ts
FNDA:0,oo_te
DA:1,1
DA:2,1
DA:4,1
DA:6,2
DA:7,2
DA:10,2
DA:11,0
DA:13,0
DA:16,2
DA:22,2
DA:24,2
DA:25,2
DA:28,1
DA:37,1
LF:14
LH:12
BRDA:10,0,0,0
BRDA:37,1,0,1
BRDA:37,1,1,1
BRF:3
BRH:2
end_of_record
TN:
SF:src/middlewares/admin.ts
FN:6,(anonymous_1)
FN:25,oo_cm
FN:25,oo_oo
FN:25,oo_tr
FN:25,oo_ts
FN:25,oo_te
FNF:6
FNH:0
FNDA:0,(anonymous_1)
FNDA:0,oo_cm
FNDA:0,oo_oo
FNDA:0,oo_tr
FNDA:0,oo_ts
FNDA:0,oo_te
DA:3,1
DA:6,1
DA:8,0
DA:10,0
DA:12,0
DA:13,0
DA:15,0
DA:18,1
DA:25,1
LF:9
LH:4
BRDA:12,0,0,0
BRDA:25,1,0,0
BRDA:25,1,1,0
BRF:3
BRH:0
end_of_record
TN:
SF:src/middlewares/auth.ts
FN:21,(anonymous_1)
FN:50,destructureToken
FNF:2
FNH:0
FNDA:0,(anonymous_1)
FNDA:0,destructureToken
DA:3,1
DA:4,1
DA:5,1
DA:21,1
DA:24,0
DA:26,0
DA:27,0
DA:30,0
DA:31,0
DA:35,0
DA:39,0
DA:42,0
DA:45,0
DA:47,0
DA:50,1
DA:53,0
DA:55,0
DA:57,0
DA:65,0
DA:68,0
DA:71,1
LF:21
LH:6
BRDA:26,0,0,0
BRDA:30,1,0,0
BRDA:39,2,0,0
BRDA:50,3,0,0
BRF:4
BRH:0
end_of_record
TN:
SF:src/middlewares/errorHandler.ts
FN:7,(anonymous_1)
FN:38,(anonymous_2)
FNF:2
FNH:0
FNDA:0,(anonymous_1)
FNDA:0,(anonymous_2)
DA:2,1
DA:3,1
DA:4,1
DA:5,1
DA:7,1
DA:14,0
DA:15,0
DA:16,0
DA:17,0
DA:19,0
DA:21,0
DA:28,0
DA:29,0
DA:30,0
DA:33,0
DA:34,0
DA:36,0
DA:38,0
DA:41,0
DA:43,0
DA:44,0
DA:47,0
DA:50,1
LF:23
LH:6
BRDA:15,0,0,0
BRDA:15,0,1,0
BRDA:15,1,0,0
BRDA:15,1,1,0
BRDA:25,2,0,0
BRDA:25,2,1,0
BRDA:28,3,0,0
BRDA:28,3,1,0
BRDA:33,4,0,0
BRDA:33,4,1,0
BRDA:41,5,0,0
BRF:11
BRH:0
end_of_record
TN:
SF:src/middlewares/index.ts
FN:1,(anonymous_1)
FN:2,(anonymous_2)
FNF:2
FNH:2
FNDA:3,(anonymous_1)
FNDA:5,(anonymous_2)
DA:1,4
DA:2,6
LF:2
LH:2
BRF:0
BRH:0
end_of_record
TN:
SF:src/models/Product.ts
FN:33,(anonymous_0)
FNF:1
FNH:0
FNDA:0,(anonymous_0)
DA:3,1
DA:4,1
DA:15,1
DA:35,0
DA:46,1
LF:5
LH:4
BRF:0
BRH:0
end_of_record
TN:
SF:src/models/RefreshToken.ts
FNF:0
FNH:0
DA:3,1
DA:11,1
DA:25,1
LF:3
LH:3
BRF:0
BRH:0
end_of_record
TN:
SF:src/models/UserModel.ts
FNF:0
FNH:0
DA:1,1
DA:16,1
DA:44,1
LF:3
LH:3
BRF:0
BRH:0
end_of_record
TN:
SF:src/models/index.ts
FN:1,(anonymous_1)
FN:2,(anonymous_2)
FN:3,(anonymous_3)
FNF:3
FNH:2
FNDA:0,(anonymous_1)
FNDA:1,(anonymous_2)
FNDA:2,(anonymous_3)
DA:1,1
DA:2,2
DA:3,3
LF:3
LH:3
BRF:0
BRH:0
end_of_record
TN:
SF:src/routes/index.ts
FNF:0
FNH:0
DA:2,1
DA:4,1
DA:12,1
DA:14,1
DA:18,1
DA:20,1
DA:22,1
DA:26,1
DA:28,1
DA:32,1
DA:34,1
DA:36,1
DA:38,1
DA:40,1
DA:42,1
LF:15
LH:15
BRF:0
BRH:0
end_of_record
TN:
SF:src/services/CustomErrorHandler.ts
FN:2,(anonymous_0)
FN:16,(anonymous_1)
FN:29,(anonymous_2)
FN:45,(anonymous_3)
FN:49,(anonymous_4)
FN:53,(anonymous_5)
FN:57,(anonymous_6)
FNF:7
FNH:0
FNDA:0,(anonymous_0)
FNDA:0,(anonymous_1)
FNDA:0,(anonymous_2)
FNDA:0,(anonymous_3)
FNDA:0,(anonymous_4)
FNDA:0,(anonymous_5)
FNDA:0,(anonymous_6)
DA:2,0
DA:3,0
DA:4,0
DA:5,0
DA:17,0
DA:33,0
DA:46,0
DA:50,0
DA:54,0
DA:58,0
DA:62,1
LF:11
LH:1
BRDA:29,0,0,0
BRDA:45,1,0,0
BRDA:49,2,0,0
BRDA:53,3,0,0
BRDA:57,4,0,0
BRF:5
BRH:0
end_of_record
TN:
SF:src/services/EncryptionService.ts
FN:6,(anonymous_13)
FN:11,(anonymous_15)
FNF:2
FNH:1
FNDA:0,(anonymous_13)
FNDA:1,(anonymous_15)
DA:1,1
DA:7,0
DA:9,0
DA:12,1
DA:13,0
DA:15,1
DA:17,1
DA:19,1
DA:23,1
LF:9
LH:6
BRDA:12,0,0,0
BRF:1
BRH:0
end_of_record
TN:
SF:src/services/JwtService.ts
FN:10,(anonymous_8)
FN:18,(anonymous_10)
FNF:2
FNH:1
FNDA:2,(anonymous_8)
FNDA:0,(anonymous_10)
DA:1,1
DA:2,1
DA:15,2
DA:19,0
DA:23,1
LF:5
LH:4
BRDA:12,0,0,1
BRDA:13,1,0,1
BRDA:18,2,0,0
BRF:3
BRH:2
end_of_record
TN:
SF:src/types/index.ts
FN:27,hasUserAuth
FNF:1
FNH:0
FNDA:0,hasUserAuth
DA:27,1
DA:28,0
LF:2
LH:1
BRDA:29,0,0,0
BRDA:29,0,1,0
BRDA:29,0,2,0
BRF:3
BRH:0
end_of_record
TN:
SF:src/validation/index.ts
FN:16,(anonymous_0)
FNF:1
FNH:1
FNDA:1,(anonymous_0)
DA:2,1
DA:9,1
DA:16,1
DA:21,1
DA:26,1
DA:30,1
DA:37,1
LF:7
LH:7
BRF:0
BRH:0
end_of_record
TN:
SF:test/routes/authHelper.ts
FNF:0
FNH:0
DA:1,1
DA:8,1
LF:2
LH:2
BRF:0
BRH:0
end_of_record
